<?xml version="1.0" encoding="UTF-8"?>
<coverage generated="1643100140653" clover="3.2.0">
  <project timestamp="1643100140653" name="All files">
    <metrics statements="4" coveredstatements="4" conditionals="0" coveredconditionals="0" methods="2" coveredmethods="2" elements="6" coveredelements="6" complexity="0" loc="4" ncloc="4" packages="1" files="1" classes="1"/>
    <file name="Todo.vue" path="D:\projects\todo-app\frontend\todo-frontend\src\components\Todo.vue">
      <metrics statements="4" coveredstatements="4" conditionals="0" coveredconditionals="0" methods="2" coveredmethods="2"/>
      <line num="17" count="1" type="stmt"/>
      <line num="26" count="6" type="stmt"/>
      <line num="42" count="2" type="stmt"/>
      <line num="45" count="2" type="stmt"/>
    </file>
  </project>
</coverage>
