<?xml version="1.0" encoding="UTF-8"?>
<coverage generated="1642674975723" clover="3.2.0">
  <project timestamp="1642674975723" name="All files">
    <metrics statements="9" coveredstatements="2" conditionals="4" coveredconditionals="0" methods="5" coveredmethods="1" elements="18" coveredelements="3" complexity="0" loc="9" ncloc="9" packages="1" files="1" classes="1"/>
    <file name="Todo.vue" path="D:\projects\todo-app\frontend\todo-frontend\src\components\Todo.vue">
      <metrics statements="9" coveredstatements="2" conditionals="4" coveredconditionals="0" methods="5" coveredmethods="1"/>
      <line num="34" count="1" type="stmt"/>
      <line num="38" count="2" type="stmt"/>
      <line num="56" count="0" type="stmt"/>
      <line num="59" count="0" type="stmt"/>
      <line num="62" count="0" type="stmt"/>
      <line num="65" count="0" type="cond" truecount="0" falsecount="2"/>
      <line num="67" count="0" type="stmt"/>
      <line num="69" count="0" type="stmt"/>
      <line num="73" count="0" type="cond" truecount="0" falsecount="2"/>
    </file>
  </project>
</coverage>
