{"D:\\projects\\todo-app\\frontend\\todo-frontend\\src\\components\\Todo.vue": {"path":"D:\\projects\\todo-app\\frontend\\todo-frontend\\src\\components\\Todo.vue","statementMap":{"0":{"start":{"line":17,"column":15},"end":{"line":17,"column":null}},"1":{"start":{"line":26,"column":4},"end":{"line":26,"column":11}},"2":{"start":{"line":42,"column":6},"end":{"line":42,"column":11}},"3":{"start":{"line":45,"column":6},"end":{"line":45,"column":11}}},"fnMap":{"0":{"name":"(anonymous_0)","decl":{"start":{"line":25,"column":2},"end":{"line":25,"column":6}},"loc":{"start":{"line":25,"column":9},"end":{"line":39,"column":null}}},"1":{"name":"(anonymous_1)","decl":{"start":{"line":41,"column":4},"end":{"line":41,"column":7}},"loc":{"start":{"line":41,"column":10},"end":{"line":46,"column":null}}}},"branchMap":{},"s":{"0":1,"1":6,"2":2,"3":2},"f":{"0":6,"1":2},"b":{}}
}
