{"D:\\projects\\todo-app\\frontend\\todo-frontend\\src\\components\\Todo.vue": {"path":"D:\\projects\\todo-app\\frontend\\todo-frontend\\src\\components\\Todo.vue","statementMap":{"0":{"start":{"line":34,"column":15},"end":{"line":34,"column":null}},"1":{"start":{"line":38,"column":4},"end":{"line":38,"column":10}},"2":{"start":{"line":56,"column":6},"end":{"line":56,"column":11}},"3":{"start":{"line":59,"column":6},"end":{"line":59,"column":11}},"4":{"start":{"line":62,"column":5},"end":{"line":62,"column":10}},"5":{"start":{"line":65,"column":6},"end":{"line":70,"column":null}},"6":{"start":{"line":67,"column":8},"end":{"line":67,"column":13}},"7":{"start":{"line":69,"column":8},"end":{"line":69,"column":13}},"8":{"start":{"line":73,"column":6},"end":{"line":73,"column":34}},"9":{"start":{"line":73,"column":29},"end":{"line":73,"column":34}}},"fnMap":{"0":{"name":"(anonymous_0)","decl":{"start":{"line":35,"column":2},"end":{"line":35,"column":6}},"loc":{"start":{"line":35,"column":9},"end":{"line":52,"column":null}}},"1":{"name":"(anonymous_1)","decl":{"start":{"line":54,"column":4},"end":{"line":54,"column":11}},"loc":{"start":{"line":54,"column":14},"end":{"line":60,"column":null}}},"2":{"name":"(anonymous_2)","decl":{"start":{"line":61,"column":3},"end":{"line":61,"column":13}},"loc":{"start":{"line":61,"column":21},"end":{"line":63,"column":null}}},"3":{"name":"(anonymous_3)","decl":{"start":{"line":64,"column":4},"end":{"line":64,"column":16}},"loc":{"start":{"line":64,"column":18},"end":{"line":71,"column":null}}},"4":{"name":"(anonymous_4)","decl":{"start":{"line":72,"column":4},"end":{"line":72,"column":16}},"loc":{"start":{"line":72,"column":23},"end":{"line":74,"column":null}}}},"branchMap":{"0":{"loc":{"start":{"line":65,"column":6},"end":{"line":70,"column":null}},"type":"if","locations":[{"start":{"line":65,"column":6},"end":{"line":70,"column":null}},{"start":{"line":65,"column":6},"end":{"line":70,"column":null}}]},"1":{"loc":{"start":{"line":73,"column":6},"end":{"line":73,"column":34}},"type":"if","locations":[{"start":{"line":73,"column":6},"end":{"line":73,"column":34}},{"start":{"line":73,"column":6},"end":{"line":73,"column":34}}]}},"s":{"0":1,"1":2,"2":0,"3":0,"4":0,"5":0,"6":0,"7":0,"8":0,"9":0},"f":{"0":2,"1":0,"2":0,"3":0,"4":0},"b":{"0":[0,0],"1":[0,0]}}
}
